<?xml version="1.0" encoding="utf-8"?><testsuite errors="0" failures="0" name="pytest" skips="0" tests="8" time="0.042"><testcase classname="test_submit.SellersRanckingTests" file="test_submit.py" line="5" name="test_best_seller" time="0.0007131099700927734"></testcase><testcase classname="test_submit.SellersRanckingTests" file="test_submit.py" line="63" name="test_best_seller_store" time="0.0006473064422607422"></testcase><testcase classname="test_submit.SellersRanckingTests" file="test_submit.py" line="57" name="test_best_seller_store_two" time="0.000644683837890625"></testcase><testcase classname="test_submit.SellersRanckingTests" file="test_submit.py" line="33" name="test_best_seller_three" time="0.00063323974609375"></testcase><testcase classname="test_submit.SellersRanckingTests" file="test_submit.py" line="18" name="test_best_seller_two" time="0.0006451606750488281"></testcase><testcase classname="test_submit.SellersRanckingTests" file="test_submit.py" line="38" name="test_rancking_list" time="0.0006451606750488281"></testcase><testcase classname="test_submit.SellersRanckingTests" file="test_submit.py" line="51" name="test_rancking_list_two" time="0.0006389617919921875"></testcase><testcase classname="test_submit.SellersRanckingTests" file="test_submit.py" line="76" name="test_sales_goals" time="0.0006361007690429688"></testcase></testsuite>