<?xml version="1.0" encoding="utf-8"?><testsuite errors="0" failures="0" name="pytest" skips="0" tests="4" time="0.030"><testcase classname="test_submit.CloudCostTests" file="test_submit.py" line="10" name="test_app_execution" time="0.000713348388671875"></testcase><testcase classname="test_submit.CloudCostTests" file="test_submit.py" line="6" name="test_lambda_execution" time="0.0005578994750976562"></testcase><testcase classname="test_submit.CloudCostTests" file="test_submit.py" line="19" name="test_month" time="0.0005898475646972656"></testcase><testcase classname="test_submit.CloudCostTests" file="test_submit.py" line="29" name="test_year" time="0.0006656646728515625"></testcase></testsuite>