<?xml version="1.0" encoding="utf-8"?><testsuite errors="0" failures="0" name="pytest" skips="0" tests="6" time="0.036"><testcase classname="test_submit.CalcAngleTests" file="test_submit.py" line="17" name="test_angle_five" time="0.0007200241088867188"></testcase><testcase classname="test_submit.CalcAngleTests" file="test_submit.py" line="14" name="test_angle_four" time="0.0005872249603271484"></testcase><testcase classname="test_submit.CalcAngleTests" file="test_submit.py" line="5" name="test_angle_one" time="0.0005805492401123047"></testcase><testcase classname="test_submit.CalcAngleTests" file="test_submit.py" line="20" name="test_angle_six" time="0.0031652450561523438"></testcase><testcase classname="test_submit.CalcAngleTests" file="test_submit.py" line="11" name="test_angle_three" time="0.0005466938018798828"></testcase><testcase classname="test_submit.CalcAngleTests" file="test_submit.py" line="8" name="test_angle_two" time="0.0005390644073486328"></testcase></testsuite>